<?xml version="1.0" encoding="UTF-8"?>
<!-- Generated by org.testng.reporters.JUnitReportReporter -->
<testsuite hostname="DESKTOP-2GD0FUF" failures="0" tests="3" name="qn3.qn3.CalculatorAppTest" time="0.026" errors="0" timestamp="2024-04-12T18:39:53 IST" skipped="0">
  <testcase classname="qn3.qn3.CalculatorAppTest" name="testSub" time="0.002"/>
  <testcase classname="qn3.qn3.CalculatorAppTest" name="testAdd" time="0.022"/>
  <testcase classname="qn3.qn3.CalculatorAppTest" name="testMul" time="0.002"/>
</testsuite> <!-- qn3.qn3.CalculatorAppTest -->
