<?xml version="1.0" encoding="UTF-8"?>
<!-- Generated by org.testng.reporters.JUnitReportReporter -->
<testsuite hostname="DESKTOP-2GD0FUF" failures="0" tests="1" name="qn3.qn3.AppTest" time="0.005" errors="0" timestamp="2024-04-12T18:27:11 IST" skipped="0">
  <testcase classname="qn3.qn3.AppTest" name="testApp" time="0.005"/>
</testsuite> <!-- qn3.qn3.AppTest -->
